Using pre-set license

 COMMAND LINE ARGUMENTS:
/Applications/Unity/Hub/Editor/2020.3.6f1/Unity.app/Contents/MacOS/Unity
-adb2
-batchMode
-noUpm
-name
AssetImportWorker0
-projectPath
/Users/mikescomputer/Desktop/GitHubs/ColorChaos/ColorChaos
-logFile
Logs/AssetImportWorker0.log
-srvPort
52869
Successfully changed project path to: /Users/mikescomputer/Desktop/GitHubs/ColorChaos/ColorChaos
/Users/mikescomputer/Desktop/GitHubs/ColorChaos/ColorChaos
Using Asset Import Pipeline V2.
Refreshing native plugins compatible for Editor in 63.93 ms, found 2 plugins.
Preloading 0 native plugins for Editor in 0.00 ms.
Initialize engine version: 2020.3.6f1 (338bb68529b2)
[Subsystems] Discovering subsystems at path /Applications/Unity/Hub/Editor/2020.3.6f1/Unity.app/Contents/Resources/UnitySubsystems
[Subsystems] Discovering subsystems at path /Users/mikescomputer/Desktop/GitHubs/ColorChaos/ColorChaos/Assets
GfxDevice: creating device client; threaded=0
2021-08-23 14:19:57.501 Unity[49767:1578219] Color LCD preferred device: Intel(R) Iris(TM) Graphics 6000 (low power)
2021-08-23 14:19:57.501 Unity[49767:1578219] Metal devices available: 1
2021-08-23 14:19:57.501 Unity[49767:1578219] 0: Intel(R) Iris(TM) Graphics 6000 (low power)
2021-08-23 14:19:57.503 Unity[49767:1578219] Using device Intel(R) Iris(TM) Graphics 6000 (low power)
Initializing Metal device caps: Intel(R) Iris(TM) Graphics 6000
Initialize mono
Mono path[0] = '/Applications/Unity/Hub/Editor/2020.3.6f1/Unity.app/Contents/Managed'
Mono path[1] = '/Applications/Unity/Hub/Editor/2020.3.6f1/Unity.app/Contents/MonoBleedingEdge/lib/mono/unityjit'
Mono config path = '/Applications/Unity/Hub/Editor/2020.3.6f1/Unity.app/Contents/MonoBleedingEdge/etc'
Using monoOptions --debugger-agent=transport=dt_socket,embedding=1,server=y,suspend=n,address=127.0.0.1:56767
Begin MonoManager ReloadAssembly
Registering precompiled unity dll's ...
Register platform support module: /Applications/Unity/Hub/Editor/2020.3.6f1/PlaybackEngines/WebGLSupport/UnityEditor.WebGL.Extensions.dll
Register platform support module: /Applications/Unity/Hub/Editor/2020.3.6f1/Unity.app/Contents/PlaybackEngines/MacStandaloneSupport/UnityEditor.OSXStandalone.Extensions.dll
Register platform support module: /Applications/Unity/Hub/Editor/2020.3.6f1/PlaybackEngines/WindowsStandaloneSupport/UnityEditor.WindowsStandalone.Extensions.dll
Register platform support module: /Applications/Unity/Hub/Editor/2020.3.6f1/PlaybackEngines/LinuxStandaloneSupport/UnityEditor.LinuxStandalone.Extensions.dll
Register platform support module: /Applications/Unity/Hub/Editor/2020.3.6f1/PlaybackEngines/LuminSupport/UnityEditor.Lumin.Extensions.dll
Registered in 0.006723 seconds.
Native extension for Lumin target not found
Native extension for LinuxStandalone target not found
Native extension for WindowsStandalone target not found
Native extension for OSXStandalone target not found
Native extension for WebGL target not found
Refreshing native plugins compatible for Editor in 119.16 ms, found 2 plugins.
Preloading 0 native plugins for Editor in 0.00 ms.
Mono: successfully reloaded assembly
- Completed reload, in  4.522 seconds
Platform modules already initialized, skipping
Registering precompiled user dll's ...
Registered in 0.002819 seconds.
Begin MonoManager ReloadAssembly
Native extension for Lumin target not found
Native extension for LinuxStandalone target not found
Native extension for WindowsStandalone target not found
Native extension for OSXStandalone target not found
Native extension for WebGL target not found
Refreshing native plugins compatible for Editor in 73.63 ms, found 2 plugins.
Preloading 0 native plugins for Editor in 0.00 ms.
Mono: successfully reloaded assembly
- Completed reload, in  2.423 seconds
Platform modules already initialized, skipping
========================================================================
Worker process is ready to serve import requests
Launching external process: /Applications/Unity/Hub/Editor/2020.3.6f1/Unity.app/Contents/Tools/UnityShaderCompiler
Launched and connected shader compiler UnityShaderCompiler after 0.04 seconds
Refreshing native plugins compatible for Editor in 0.71 ms, found 2 plugins.
Preloading 0 native plugins for Editor in 0.00 ms.
Unloading 2109 Unused Serialized files (Serialized files now loaded: 0)
System memory in use before: 176.5 MB.
System memory in use after: 176.5 MB.

Unloading 26 unused Assets to reduce memory usage. Loaded Objects now: 2570.
Total: 5.830385 ms (FindLiveObjects: 0.764267 ms CreateObjectMapping: 0.294166 ms MarkObjects: 4.459720 ms  DeleteObjects: 0.310149 ms)

========================================================================
Received Import Request.
  path: Assets/4_Fire/Scene
  artifactKey: Guid(130794593318a4af5b663fe6e9801ed0) Importer(815301076,1909f56bfc062723c751e8b465ee728b)
Start importing Assets/4_Fire/Scene using Guid(130794593318a4af5b663fe6e9801ed0) Importer(815301076,1909f56bfc062723c751e8b465ee728b)  -> (artifact id: '3372c9bf23305943b9e181f44889f06f') in 0.011544 seconds
  Import took 0.028665 seconds .

========================================================================
Received Import Request.
  Time since last request: 0.000363 seconds.
  path: Assets/4_Fire/Scene/4_Fire.unity
  artifactKey: Guid(d51f9cae11fe37b43b6cc4d6e994c45b) Importer(815301076,1909f56bfc062723c751e8b465ee728b)
Start importing Assets/4_Fire/Scene/4_Fire.unity using Guid(d51f9cae11fe37b43b6cc4d6e994c45b) Importer(815301076,1909f56bfc062723c751e8b465ee728b)  -> (artifact id: '5614359bc25e728e2dc78fe674a3655a') in 0.019857 seconds
  Import took 0.028060 seconds .

========================================================================
Received Import Request.
  Time since last request: 0.000624 seconds.
  path: Assets/4_Fire
  artifactKey: Guid(c6bbef41fd66e4364aae92133f20bdc1) Importer(815301076,1909f56bfc062723c751e8b465ee728b)
Start importing Assets/4_Fire using Guid(c6bbef41fd66e4364aae92133f20bdc1) Importer(815301076,1909f56bfc062723c751e8b465ee728b)  -> (artifact id: '79f121359392bb27da0675f36c069554') in 0.002526 seconds
  Import took 0.007124 seconds .

========================================================================
Received Import Request.
  Time since last request: 5.132047 seconds.
  path: Assets/PS_Parent.prefab
  artifactKey: Guid(b458ca2caf5314f6d99d17b707b2815f) Importer(815301076,1909f56bfc062723c751e8b465ee728b)
Start importing Assets/PS_Parent.prefab using Guid(b458ca2caf5314f6d99d17b707b2815f) Importer(815301076,1909f56bfc062723c751e8b465ee728b)  -> (artifact id: 'ff8c6890fe5736458475af7ccff89ab5') in 1.313782 seconds
  Import took 1.321120 seconds .

========================================================================
Received Import Request.
  Time since last request: 5.345253 seconds.
  path: Assets/Scenes/SampleScene.unity
  artifactKey: Guid(2cda990e2423bbf4892e6590ba056729) Importer(815301076,1909f56bfc062723c751e8b465ee728b)
Start importing Assets/Scenes/SampleScene.unity using Guid(2cda990e2423bbf4892e6590ba056729) Importer(815301076,1909f56bfc062723c751e8b465ee728b)  -> (artifact id: '2ac642ba7c72c3ef4091ac7f8b814905') in 0.004123 seconds
  Import took 0.011801 seconds .

========================================================================
Received Prepare
Registering precompiled user dll's ...
Registered in 0.002935 seconds.
Begin MonoManager ReloadAssembly
Native extension for Lumin target not found
Native extension for LinuxStandalone target not found
Native extension for WindowsStandalone target not found
Native extension for OSXStandalone target not found
Native extension for WebGL target not found
Refreshing native plugins compatible for Editor in 0.59 ms, found 2 plugins.
Preloading 0 native plugins for Editor in 0.00 ms.
Mono: successfully reloaded assembly
- Completed reload, in  2.608 seconds
Platform modules already initialized, skipping
Refreshing native plugins compatible for Editor in 0.68 ms, found 2 plugins.
Preloading 0 native plugins for Editor in 0.00 ms.
Unloading 2104 Unused Serialized files (Serialized files now loaded: 0)
System memory in use before: 181.4 MB.
System memory in use after: 181.4 MB.

Unloading 12 unused Assets to reduce memory usage. Loaded Objects now: 2574.
Total: 2.671811 ms (FindLiveObjects: 0.291516 ms CreateObjectMapping: 0.088482 ms MarkObjects: 2.133649 ms  DeleteObjects: 0.155192 ms)

========================================================================
Received Import Request.
  Time since last request: 178.811230 seconds.
  path: Assets/Scenes/Menu.unity
  artifactKey: Guid(27fd53d7077d34af7a2376913b588b00) Importer(815301076,1909f56bfc062723c751e8b465ee728b)
Start importing Assets/Scenes/Menu.unity using Guid(27fd53d7077d34af7a2376913b588b00) Importer(815301076,1909f56bfc062723c751e8b465ee728b)  -> (artifact id: 'c7062e5e4857e68ac025e7966fa7939b') in 0.018305 seconds
  Import took 0.024490 seconds .

========================================================================
Received Prepare
Registering precompiled user dll's ...
Registered in 0.002276 seconds.
Begin MonoManager ReloadAssembly
Native extension for Lumin target not found
Native extension for LinuxStandalone target not found
Native extension for WindowsStandalone target not found
Native extension for OSXStandalone target not found
Native extension for WebGL target not found
Refreshing native plugins compatible for Editor in 0.42 ms, found 2 plugins.
Preloading 0 native plugins for Editor in 0.00 ms.
Mono: successfully reloaded assembly
- Completed reload, in  1.573 seconds
Platform modules already initialized, skipping
Refreshing native plugins compatible for Editor in 1.34 ms, found 2 plugins.
Preloading 0 native plugins for Editor in 0.00 ms.
Unloading 2104 Unused Serialized files (Serialized files now loaded: 0)
System memory in use before: 182.0 MB.
System memory in use after: 181.9 MB.

Unloading 12 unused Assets to reduce memory usage. Loaded Objects now: 2578.
Total: 2.618169 ms (FindLiveObjects: 0.357941 ms CreateObjectMapping: 0.078663 ms MarkObjects: 2.023970 ms  DeleteObjects: 0.155179 ms)

========================================================================
Received Import Request.
  Time since last request: 282.550287 seconds.
  path: Assets/StartGameAction.inputactions
  artifactKey: Guid(a9bdba139f8ce46209b0b765a5d968be) Importer(815301076,1909f56bfc062723c751e8b465ee728b)
Start importing Assets/StartGameAction.inputactions using Guid(a9bdba139f8ce46209b0b765a5d968be) Importer(815301076,1909f56bfc062723c751e8b465ee728b)  -> (artifact id: 'd28ada6d6ba0e8c8613dc8f8578cb8b6') in 0.695921 seconds
  Import took 0.700825 seconds .

========================================================================
Received Import Request.
  Time since last request: 30.133214 seconds.
  path: Assets/StartGameAction.inputactions
  artifactKey: Guid(a9bdba139f8ce46209b0b765a5d968be) Importer(815301076,1909f56bfc062723c751e8b465ee728b)
Start importing Assets/StartGameAction.inputactions using Guid(a9bdba139f8ce46209b0b765a5d968be) Importer(815301076,1909f56bfc062723c751e8b465ee728b)  -> (artifact id: '4986782597fed3e31676e2eff77168a9') in 0.006956 seconds
  Import took 0.013245 seconds .

========================================================================
Received Import Request.
  Time since last request: 0.009986 seconds.
  path: Assets/StartGameAction.inputactions
  artifactKey: Guid(a9bdba139f8ce46209b0b765a5d968be) Importer(815301076,1909f56bfc062723c751e8b465ee728b)
Start importing Assets/StartGameAction.inputactions using Guid(a9bdba139f8ce46209b0b765a5d968be) Importer(815301076,1909f56bfc062723c751e8b465ee728b)  -> (artifact id: '4986782597fed3e31676e2eff77168a9') in 0.005227 seconds
  Import took 0.011294 seconds .

========================================================================
Received Import Request.
  Time since last request: 27.265826 seconds.
  path: Assets/GameOverScript.cs
  artifactKey: Guid(651d4dc97dd6d471e855ed1d56e6b2ce) Importer(815301076,1909f56bfc062723c751e8b465ee728b)
Start importing Assets/GameOverScript.cs using Guid(651d4dc97dd6d471e855ed1d56e6b2ce) Importer(815301076,1909f56bfc062723c751e8b465ee728b)  -> (artifact id: '1452ed816a95cb118358612ed1c3f050') in 2.913947 seconds
  Import took 2.919527 seconds .

========================================================================
Received Import Request.
  Time since last request: 18.071860 seconds.
  path: Assets/StartGameScript.cs
  artifactKey: Guid(2ca1cf726d77147aca0de9da8d2a4c4e) Importer(815301076,1909f56bfc062723c751e8b465ee728b)
Start importing Assets/StartGameScript.cs using Guid(2ca1cf726d77147aca0de9da8d2a4c4e) Importer(815301076,1909f56bfc062723c751e8b465ee728b)  -> (artifact id: '64e9e71a0eaecc347180ad1e0ca48579') in 0.005923 seconds
  Import took 0.017160 seconds .

========================================================================
Received Prepare
Registering precompiled user dll's ...
Registered in 0.002745 seconds.
Begin MonoManager ReloadAssembly
Native extension for Lumin target not found
Native extension for LinuxStandalone target not found
Native extension for WindowsStandalone target not found
Native extension for OSXStandalone target not found
Native extension for WebGL target not found
Refreshing native plugins compatible for Editor in 0.65 ms, found 2 plugins.
Preloading 0 native plugins for Editor in 0.00 ms.
Mono: successfully reloaded assembly
- Completed reload, in  1.507 seconds
Platform modules already initialized, skipping
Refreshing native plugins compatible for Editor in 0.53 ms, found 2 plugins.
Preloading 0 native plugins for Editor in 0.00 ms.
Unloading 2105 Unused Serialized files (Serialized files now loaded: 0)
System memory in use before: 190.8 MB.
System memory in use after: 190.7 MB.

Unloading 12 unused Assets to reduce memory usage. Loaded Objects now: 2583.
Total: 3.114929 ms (FindLiveObjects: 0.348825 ms CreateObjectMapping: 0.110005 ms MarkObjects: 2.374776 ms  DeleteObjects: 0.279353 ms)

========================================================================
Received Prepare
Registering precompiled user dll's ...
Registered in 0.002573 seconds.
Begin MonoManager ReloadAssembly
Native extension for Lumin target not found
Native extension for LinuxStandalone target not found
Native extension for WindowsStandalone target not found
Native extension for OSXStandalone target not found
Native extension for WebGL target not found
Refreshing native plugins compatible for Editor in 0.44 ms, found 2 plugins.
Preloading 0 native plugins for Editor in 0.00 ms.
Mono: successfully reloaded assembly
- Completed reload, in  1.447 seconds
Platform modules already initialized, skipping
Refreshing native plugins compatible for Editor in 0.59 ms, found 2 plugins.
Preloading 0 native plugins for Editor in 0.00 ms.
Unloading 2105 Unused Serialized files (Serialized files now loaded: 0)
System memory in use before: 191.0 MB.
System memory in use after: 191.0 MB.

Unloading 12 unused Assets to reduce memory usage. Loaded Objects now: 2587.
Total: 5.783077 ms (FindLiveObjects: 0.748339 ms CreateObjectMapping: 0.192677 ms MarkObjects: 4.635194 ms  DeleteObjects: 0.203696 ms)

========================================================================
Received Prepare
Registering precompiled user dll's ...
Registered in 0.002423 seconds.
Begin MonoManager ReloadAssembly
Native extension for Lumin target not found
Native extension for LinuxStandalone target not found
Native extension for WindowsStandalone target not found
Native extension for OSXStandalone target not found
Native extension for WebGL target not found
Refreshing native plugins compatible for Editor in 0.42 ms, found 2 plugins.
Preloading 0 native plugins for Editor in 0.00 ms.
Mono: successfully reloaded assembly
- Completed reload, in  1.433 seconds
Platform modules already initialized, skipping
Refreshing native plugins compatible for Editor in 0.66 ms, found 2 plugins.
Preloading 0 native plugins for Editor in 0.00 ms.
Unloading 2105 Unused Serialized files (Serialized files now loaded: 0)
System memory in use before: 191.2 MB.
System memory in use after: 191.2 MB.

Unloading 12 unused Assets to reduce memory usage. Loaded Objects now: 2591.
Total: 4.349020 ms (FindLiveObjects: 0.467720 ms CreateObjectMapping: 0.167096 ms MarkObjects: 3.497854 ms  DeleteObjects: 0.213162 ms)

========================================================================
Received Import Request.
  Time since last request: 172.042300 seconds.
  path: Assets/Scenes/SampleScene.unity
  artifactKey: Guid(2cda990e2423bbf4892e6590ba056729) Importer(815301076,1909f56bfc062723c751e8b465ee728b)
Start importing Assets/Scenes/SampleScene.unity using Guid(2cda990e2423bbf4892e6590ba056729) Importer(815301076,1909f56bfc062723c751e8b465ee728b)  -> (artifact id: '980a4d9cdb6ce847d6380732a59eb2dc') in 0.019884 seconds
  Import took 0.027488 seconds .

========================================================================
Received Prepare
Registering precompiled user dll's ...
Registered in 0.003189 seconds.
Begin MonoManager ReloadAssembly
Native extension for Lumin target not found
Native extension for LinuxStandalone target not found
Native extension for WindowsStandalone target not found
Native extension for OSXStandalone target not found
Native extension for WebGL target not found
Refreshing native plugins compatible for Editor in 0.45 ms, found 2 plugins.
Preloading 0 native plugins for Editor in 0.00 ms.
Mono: successfully reloaded assembly
- Completed reload, in  1.638 seconds
Platform modules already initialized, skipping
Refreshing native plugins compatible for Editor in 0.42 ms, found 2 plugins.
Preloading 0 native plugins for Editor in 0.00 ms.
Unloading 2105 Unused Serialized files (Serialized files now loaded: 0)
System memory in use before: 191.4 MB.
System memory in use after: 191.4 MB.

Unloading 12 unused Assets to reduce memory usage. Loaded Objects now: 2595.
Total: 3.310370 ms (FindLiveObjects: 0.379208 ms CreateObjectMapping: 0.167439 ms MarkObjects: 2.621872 ms  DeleteObjects: 0.139715 ms)

========================================================================
Received Prepare
Registering precompiled user dll's ...
Registered in 0.001078 seconds.
Begin MonoManager ReloadAssembly
Native extension for Lumin target not found
Native extension for LinuxStandalone target not found
Native extension for WindowsStandalone target not found
Native extension for OSXStandalone target not found
Native extension for WebGL target not found
Refreshing native plugins compatible for Editor in 0.58 ms, found 2 plugins.
Preloading 0 native plugins for Editor in 0.00 ms.
Mono: successfully reloaded assembly
- Completed reload, in  2.036 seconds
Platform modules already initialized, skipping
Refreshing native plugins compatible for Editor in 0.45 ms, found 2 plugins.
Preloading 0 native plugins for Editor in 0.00 ms.
Unloading 2105 Unused Serialized files (Serialized files now loaded: 0)
System memory in use before: 191.7 MB.
System memory in use after: 191.6 MB.

Unloading 12 unused Assets to reduce memory usage. Loaded Objects now: 2599.
Total: 3.172642 ms (FindLiveObjects: 0.325531 ms CreateObjectMapping: 0.075965 ms MarkObjects: 2.624013 ms  DeleteObjects: 0.144716 ms)

========================================================================
Received Prepare
Registering precompiled user dll's ...
Registered in 0.000856 seconds.
Begin MonoManager ReloadAssembly
Native extension for Lumin target not found
Native extension for LinuxStandalone target not found
Native extension for WindowsStandalone target not found
Native extension for OSXStandalone target not found
Native extension for WebGL target not found
Refreshing native plugins compatible for Editor in 0.78 ms, found 2 plugins.
Preloading 0 native plugins for Editor in 0.00 ms.
Mono: successfully reloaded assembly
- Completed reload, in  2.218 seconds
Platform modules already initialized, skipping
Refreshing native plugins compatible for Editor in 0.75 ms, found 2 plugins.
Preloading 0 native plugins for Editor in 0.00 ms.
Unloading 2105 Unused Serialized files (Serialized files now loaded: 0)
System memory in use before: 191.9 MB.
System memory in use after: 191.9 MB.

Unloading 12 unused Assets to reduce memory usage. Loaded Objects now: 2603.
Total: 5.503410 ms (FindLiveObjects: 0.534309 ms CreateObjectMapping: 0.213654 ms MarkObjects: 4.546963 ms  DeleteObjects: 0.205572 ms)

========================================================================
Received Prepare
Registering precompiled user dll's ...
Registered in 0.000974 seconds.
Begin MonoManager ReloadAssembly
Native extension for Lumin target not found
Native extension for LinuxStandalone target not found
Native extension for WindowsStandalone target not found
Native extension for OSXStandalone target not found
Native extension for WebGL target not found
Refreshing native plugins compatible for Editor in 0.63 ms, found 2 plugins.
Preloading 0 native plugins for Editor in 0.00 ms.
Mono: successfully reloaded assembly
- Completed reload, in  2.165 seconds
Platform modules already initialized, skipping
Refreshing native plugins compatible for Editor in 0.75 ms, found 2 plugins.
Preloading 0 native plugins for Editor in 0.00 ms.
Unloading 2105 Unused Serialized files (Serialized files now loaded: 0)
System memory in use before: 192.1 MB.
System memory in use after: 192.1 MB.

Unloading 12 unused Assets to reduce memory usage. Loaded Objects now: 2607.
Total: 5.159811 ms (FindLiveObjects: 0.453629 ms CreateObjectMapping: 0.165986 ms MarkObjects: 4.278990 ms  DeleteObjects: 0.258640 ms)

========================================================================
Received Prepare
Registering precompiled user dll's ...
Registered in 0.002234 seconds.
Begin MonoManager ReloadAssembly
Native extension for Lumin target not found
Native extension for LinuxStandalone target not found
Native extension for WindowsStandalone target not found
Native extension for OSXStandalone target not found
Native extension for WebGL target not found
Refreshing native plugins compatible for Editor in 0.77 ms, found 2 plugins.
Preloading 0 native plugins for Editor in 0.00 ms.
Mono: successfully reloaded assembly
- Completed reload, in  1.482 seconds
Platform modules already initialized, skipping
Refreshing native plugins compatible for Editor in 0.57 ms, found 2 plugins.
Preloading 0 native plugins for Editor in 0.00 ms.
Unloading 2105 Unused Serialized files (Serialized files now loaded: 0)
System memory in use before: 192.3 MB.
System memory in use after: 192.3 MB.

Unloading 12 unused Assets to reduce memory usage. Loaded Objects now: 2611.
Total: 3.171115 ms (FindLiveObjects: 0.362320 ms CreateObjectMapping: 0.108843 ms MarkObjects: 2.558682 ms  DeleteObjects: 0.139260 ms)

========================================================================
Received Prepare
Refreshing native plugins compatible for Editor in 11.58 ms, found 2 plugins.
Preloading 0 native plugins for Editor in 0.00 ms.
Unloading 10 Unused Serialized files (Serialized files now loaded: 0)
System memory in use before: 151.4 MB.
System memory in use after: 151.3 MB.

Unloading 10 unused Assets to reduce memory usage. Loaded Objects now: 2611.
Total: 9.029475 ms (FindLiveObjects: 0.908620 ms CreateObjectMapping: 0.262051 ms MarkObjects: 7.649107 ms  DeleteObjects: 0.204591 ms)

========================================================================
Received Prepare
Registering precompiled user dll's ...
Registered in 0.000855 seconds.
Begin MonoManager ReloadAssembly
Native extension for Lumin target not found
Native extension for LinuxStandalone target not found
Native extension for WindowsStandalone target not found
Native extension for OSXStandalone target not found
Native extension for WebGL target not found
Refreshing native plugins compatible for Editor in 0.42 ms, found 2 plugins.
Preloading 0 native plugins for Editor in 0.00 ms.
Mono: successfully reloaded assembly
- Completed reload, in  1.576 seconds
Platform modules already initialized, skipping
Refreshing native plugins compatible for Editor in 1.33 ms, found 2 plugins.
Preloading 0 native plugins for Editor in 0.00 ms.
Unloading 2105 Unused Serialized files (Serialized files now loaded: 0)
System memory in use before: 192.9 MB.
System memory in use after: 192.9 MB.

Unloading 12 unused Assets to reduce memory usage. Loaded Objects now: 2615.
Total: 4.659004 ms (FindLiveObjects: 0.711423 ms CreateObjectMapping: 0.283760 ms MarkObjects: 3.511119 ms  DeleteObjects: 0.150180 ms)

========================================================================
Received Prepare
Refreshing native plugins compatible for Editor in 12.55 ms, found 2 plugins.
Preloading 0 native plugins for Editor in 0.00 ms.
Unloading 10 Unused Serialized files (Serialized files now loaded: 0)
System memory in use before: 151.6 MB.
System memory in use after: 151.6 MB.

Unloading 10 unused Assets to reduce memory usage. Loaded Objects now: 2615.
Total: 6.133315 ms (FindLiveObjects: 0.647902 ms CreateObjectMapping: 0.165019 ms MarkObjects: 5.034289 ms  DeleteObjects: 0.283160 ms)

========================================================================
Received Prepare
Registering precompiled user dll's ...
Registered in 0.000860 seconds.
Begin MonoManager ReloadAssembly
Native extension for Lumin target not found
Native extension for LinuxStandalone target not found
Native extension for WindowsStandalone target not found
Native extension for OSXStandalone target not found
Native extension for WebGL target not found
Refreshing native plugins compatible for Editor in 0.41 ms, found 2 plugins.
Preloading 0 native plugins for Editor in 0.00 ms.
Mono: successfully reloaded assembly
- Completed reload, in  1.483 seconds
Platform modules already initialized, skipping
Refreshing native plugins compatible for Editor in 0.72 ms, found 2 plugins.
Preloading 0 native plugins for Editor in 0.00 ms.
Unloading 2105 Unused Serialized files (Serialized files now loaded: 0)
System memory in use before: 193.1 MB.
System memory in use after: 193.1 MB.

Unloading 12 unused Assets to reduce memory usage. Loaded Objects now: 2619.
Total: 35.552274 ms (FindLiveObjects: 16.031515 ms CreateObjectMapping: 0.244781 ms MarkObjects: 16.975450 ms  DeleteObjects: 2.297463 ms)

========================================================================
Received Prepare
Registering precompiled user dll's ...
Registered in 0.002188 seconds.
Begin MonoManager ReloadAssembly
Native extension for Lumin target not found
Native extension for LinuxStandalone target not found
Native extension for WindowsStandalone target not found
Native extension for OSXStandalone target not found
Native extension for WebGL target not found
Refreshing native plugins compatible for Editor in 0.46 ms, found 2 plugins.
Preloading 0 native plugins for Editor in 0.00 ms.
Mono: successfully reloaded assembly
- Completed reload, in  1.465 seconds
Platform modules already initialized, skipping
Refreshing native plugins compatible for Editor in 0.82 ms, found 2 plugins.
Preloading 0 native plugins for Editor in 0.00 ms.
Unloading 2105 Unused Serialized files (Serialized files now loaded: 0)
System memory in use before: 193.3 MB.
System memory in use after: 193.3 MB.

Unloading 12 unused Assets to reduce memory usage. Loaded Objects now: 2623.
Total: 2.747289 ms (FindLiveObjects: 0.276467 ms CreateObjectMapping: 0.073914 ms MarkObjects: 2.248939 ms  DeleteObjects: 0.146328 ms)

========================================================================
Received Prepare
Registering precompiled user dll's ...
Registered in 0.001868 seconds.
Begin MonoManager ReloadAssembly
Native extension for Lumin target not found
Native extension for LinuxStandalone target not found
Native extension for WindowsStandalone target not found
Native extension for OSXStandalone target not found
Native extension for WebGL target not found
Refreshing native plugins compatible for Editor in 0.48 ms, found 2 plugins.
Preloading 0 native plugins for Editor in 0.00 ms.
Mono: successfully reloaded assembly
- Completed reload, in  1.363 seconds
Platform modules already initialized, skipping
Refreshing native plugins compatible for Editor in 0.48 ms, found 2 plugins.
Preloading 0 native plugins for Editor in 0.00 ms.
Unloading 2105 Unused Serialized files (Serialized files now loaded: 0)
System memory in use before: 193.6 MB.
System memory in use after: 193.6 MB.

Unloading 12 unused Assets to reduce memory usage. Loaded Objects now: 2627.
Total: 2.965482 ms (FindLiveObjects: 0.273129 ms CreateObjectMapping: 0.072908 ms MarkObjects: 2.474674 ms  DeleteObjects: 0.143240 ms)

========================================================================
Received Prepare
Registering precompiled user dll's ...
Registered in 0.001876 seconds.
Begin MonoManager ReloadAssembly
Native extension for Lumin target not found
Native extension for LinuxStandalone target not found
Native extension for WindowsStandalone target not found
Native extension for OSXStandalone target not found
Native extension for WebGL target not found
Refreshing native plugins compatible for Editor in 0.43 ms, found 2 plugins.
Preloading 0 native plugins for Editor in 0.00 ms.
Mono: successfully reloaded assembly
- Completed reload, in  1.812 seconds
Platform modules already initialized, skipping
Refreshing native plugins compatible for Editor in 0.43 ms, found 2 plugins.
Preloading 0 native plugins for Editor in 0.00 ms.
Unloading 2105 Unused Serialized files (Serialized files now loaded: 0)
System memory in use before: 193.8 MB.
System memory in use after: 193.8 MB.

Unloading 12 unused Assets to reduce memory usage. Loaded Objects now: 2631.
Total: 2.693367 ms (FindLiveObjects: 0.365477 ms CreateObjectMapping: 0.153121 ms MarkObjects: 2.030854 ms  DeleteObjects: 0.142584 ms)

========================================================================
Received Prepare
Registering precompiled user dll's ...
Registered in 0.000803 seconds.
Begin MonoManager ReloadAssembly
Native extension for Lumin target not found
Native extension for LinuxStandalone target not found
Native extension for WindowsStandalone target not found
Native extension for OSXStandalone target not found
Native extension for WebGL target not found
Refreshing native plugins compatible for Editor in 0.46 ms, found 2 plugins.
Preloading 0 native plugins for Editor in 0.00 ms.
Mono: successfully reloaded assembly
- Completed reload, in  1.372 seconds
Platform modules already initialized, skipping
Refreshing native plugins compatible for Editor in 0.43 ms, found 2 plugins.
Preloading 0 native plugins for Editor in 0.00 ms.
Unloading 2105 Unused Serialized files (Serialized files now loaded: 0)
System memory in use before: 194.0 MB.
System memory in use after: 194.0 MB.

Unloading 12 unused Assets to reduce memory usage. Loaded Objects now: 2635.
Total: 3.241904 ms (FindLiveObjects: 0.392981 ms CreateObjectMapping: 0.166653 ms MarkObjects: 2.515973 ms  DeleteObjects: 0.164395 ms)

========================================================================
Received Prepare
Registering precompiled user dll's ...
Registered in 0.000817 seconds.
Begin MonoManager ReloadAssembly
Native extension for Lumin target not found
Native extension for LinuxStandalone target not found
Native extension for WindowsStandalone target not found
Native extension for OSXStandalone target not found
Native extension for WebGL target not found
Refreshing native plugins compatible for Editor in 0.63 ms, found 2 plugins.
Preloading 0 native plugins for Editor in 0.00 ms.
Mono: successfully reloaded assembly
- Completed reload, in  1.363 seconds
Platform modules already initialized, skipping
Refreshing native plugins compatible for Editor in 0.48 ms, found 2 plugins.
Preloading 0 native plugins for Editor in 0.00 ms.
Unloading 2105 Unused Serialized files (Serialized files now loaded: 0)
System memory in use before: 194.3 MB.
System memory in use after: 194.2 MB.

Unloading 12 unused Assets to reduce memory usage. Loaded Objects now: 2639.
Total: 5.034557 ms (FindLiveObjects: 0.422356 ms CreateObjectMapping: 0.127436 ms MarkObjects: 4.296280 ms  DeleteObjects: 0.186417 ms)

========================================================================
Received Import Request.
  Time since last request: 1369.829530 seconds.
  path: Assets/Scenes/Menu.unity
  artifactKey: Guid(27fd53d7077d34af7a2376913b588b00) Importer(815301076,1909f56bfc062723c751e8b465ee728b)
Start importing Assets/Scenes/Menu.unity using Guid(27fd53d7077d34af7a2376913b588b00) Importer(815301076,1909f56bfc062723c751e8b465ee728b)  -> (artifact id: 'eb6bb6e42de66585cb9b40371dc367f5') in 0.021554 seconds
  Import took 0.028586 seconds .

========================================================================
Received Prepare
Registering precompiled user dll's ...
Registered in 0.001905 seconds.
Begin MonoManager ReloadAssembly
Native extension for Lumin target not found
Native extension for LinuxStandalone target not found
Native extension for WindowsStandalone target not found
Native extension for OSXStandalone target not found
Native extension for WebGL target not found
Refreshing native plugins compatible for Editor in 0.47 ms, found 2 plugins.
Preloading 0 native plugins for Editor in 0.00 ms.
Mono: successfully reloaded assembly
- Completed reload, in  1.627 seconds
Platform modules already initialized, skipping
Refreshing native plugins compatible for Editor in 0.63 ms, found 2 plugins.
Preloading 0 native plugins for Editor in 0.00 ms.
Unloading 2105 Unused Serialized files (Serialized files now loaded: 0)
System memory in use before: 194.5 MB.
System memory in use after: 194.4 MB.

Unloading 12 unused Assets to reduce memory usage. Loaded Objects now: 2643.
Total: 5.674268 ms (FindLiveObjects: 0.597974 ms CreateObjectMapping: 0.177691 ms MarkObjects: 4.456222 ms  DeleteObjects: 0.437223 ms)

========================================================================
Received Import Request.
  Time since last request: 440.793078 seconds.
  path: Assets/Scenes/SampleScene.unity
  artifactKey: Guid(2cda990e2423bbf4892e6590ba056729) Importer(815301076,1909f56bfc062723c751e8b465ee728b)
Start importing Assets/Scenes/SampleScene.unity using Guid(2cda990e2423bbf4892e6590ba056729) Importer(815301076,1909f56bfc062723c751e8b465ee728b)  -> (artifact id: 'd7e69f6c48f5b2eb42e1b82eabb263dc') in 0.017789 seconds
  Import took 0.026086 seconds .

========================================================================
Received Prepare
Refreshing native plugins compatible for Editor in 10.75 ms, found 2 plugins.
Preloading 0 native plugins for Editor in 0.00 ms.
Unloading 10 Unused Serialized files (Serialized files now loaded: 0)
System memory in use before: 153.5 MB.
System memory in use after: 153.5 MB.

Unloading 10 unused Assets to reduce memory usage. Loaded Objects now: 2643.
Total: 4.885553 ms (FindLiveObjects: 0.376179 ms CreateObjectMapping: 0.134985 ms MarkObjects: 4.203218 ms  DeleteObjects: 0.168579 ms)

========================================================================
Received Prepare
Registering precompiled user dll's ...
Registered in 0.001217 seconds.
Begin MonoManager ReloadAssembly
Native extension for Lumin target not found
Native extension for LinuxStandalone target not found
Native extension for WindowsStandalone target not found
Native extension for OSXStandalone target not found
Native extension for WebGL target not found
Refreshing native plugins compatible for Editor in 0.48 ms, found 2 plugins.
Preloading 0 native plugins for Editor in 0.00 ms.
Mono: successfully reloaded assembly
- Completed reload, in  1.542 seconds
Platform modules already initialized, skipping
Refreshing native plugins compatible for Editor in 0.70 ms, found 2 plugins.
Preloading 0 native plugins for Editor in 0.00 ms.
Unloading 2105 Unused Serialized files (Serialized files now loaded: 0)
System memory in use before: 194.9 MB.
System memory in use after: 194.9 MB.

Unloading 12 unused Assets to reduce memory usage. Loaded Objects now: 2647.
Total: 5.697212 ms (FindLiveObjects: 0.603117 ms CreateObjectMapping: 0.167309 ms MarkObjects: 4.620529 ms  DeleteObjects: 0.303550 ms)

========================================================================
Received Prepare
Refreshing native plugins compatible for Editor in 9.79 ms, found 2 plugins.
Preloading 0 native plugins for Editor in 0.00 ms.
Unloading 10 Unused Serialized files (Serialized files now loaded: 0)
System memory in use before: 153.9 MB.
System memory in use after: 153.8 MB.

Unloading 10 unused Assets to reduce memory usage. Loaded Objects now: 2647.
Total: 3.750258 ms (FindLiveObjects: 0.383600 ms CreateObjectMapping: 0.123209 ms MarkObjects: 3.050711 ms  DeleteObjects: 0.188116 ms)

========================================================================
Received Prepare
Registering precompiled user dll's ...
Registered in 0.000817 seconds.
Begin MonoManager ReloadAssembly
Native extension for Lumin target not found
Native extension for LinuxStandalone target not found
Native extension for WindowsStandalone target not found
Native extension for OSXStandalone target not found
Native extension for WebGL target not found
Refreshing native plugins compatible for Editor in 0.41 ms, found 2 plugins.
Preloading 0 native plugins for Editor in 0.00 ms.
Mono: successfully reloaded assembly
- Completed reload, in  1.438 seconds
Platform modules already initialized, skipping
Refreshing native plugins compatible for Editor in 0.66 ms, found 2 plugins.
Preloading 0 native plugins for Editor in 0.00 ms.
Unloading 2105 Unused Serialized files (Serialized files now loaded: 0)
System memory in use before: 195.4 MB.
System memory in use after: 195.4 MB.

Unloading 12 unused Assets to reduce memory usage. Loaded Objects now: 2651.
Total: 4.260415 ms (FindLiveObjects: 0.509795 ms CreateObjectMapping: 0.159717 ms MarkObjects: 3.375687 ms  DeleteObjects: 0.212642 ms)

========================================================================
Received Prepare
Refreshing native plugins compatible for Editor in 11.95 ms, found 2 plugins.
Preloading 0 native plugins for Editor in 0.00 ms.
Unloading 10 Unused Serialized files (Serialized files now loaded: 0)
System memory in use before: 154.3 MB.
System memory in use after: 154.3 MB.

Unloading 10 unused Assets to reduce memory usage. Loaded Objects now: 2651.
Total: 7.978359 ms (FindLiveObjects: 0.533428 ms CreateObjectMapping: 0.168406 ms MarkObjects: 7.055146 ms  DeleteObjects: 0.218147 ms)

========================================================================
Received Prepare
Registering precompiled user dll's ...
Registered in 0.001038 seconds.
Begin MonoManager ReloadAssembly
Native extension for Lumin target not found
Native extension for LinuxStandalone target not found
Native extension for WindowsStandalone target not found
Native extension for OSXStandalone target not found
Native extension for WebGL target not found
Refreshing native plugins compatible for Editor in 0.49 ms, found 2 plugins.
Preloading 0 native plugins for Editor in 0.00 ms.
Mono: successfully reloaded assembly
- Completed reload, in  1.543 seconds
Platform modules already initialized, skipping
Refreshing native plugins compatible for Editor in 0.82 ms, found 2 plugins.
Preloading 0 native plugins for Editor in 0.00 ms.
Unloading 2105 Unused Serialized files (Serialized files now loaded: 0)
System memory in use before: 195.9 MB.
System memory in use after: 195.8 MB.

Unloading 12 unused Assets to reduce memory usage. Loaded Objects now: 2655.
Total: 4.466561 ms (FindLiveObjects: 0.483298 ms CreateObjectMapping: 0.131560 ms MarkObjects: 3.607098 ms  DeleteObjects: 0.241130 ms)

========================================================================
Received Prepare
Registering precompiled user dll's ...
Registered in 0.002522 seconds.
Begin MonoManager ReloadAssembly
Native extension for Lumin target not found
Native extension for LinuxStandalone target not found
Native extension for WindowsStandalone target not found
Native extension for OSXStandalone target not found
Native extension for WebGL target not found
Refreshing native plugins compatible for Editor in 0.80 ms, found 2 plugins.
Preloading 0 native plugins for Editor in 0.00 ms.
Mono: successfully reloaded assembly
- Completed reload, in  1.524 seconds
Platform modules already initialized, skipping
Refreshing native plugins compatible for Editor in 0.64 ms, found 2 plugins.
Preloading 0 native plugins for Editor in 0.00 ms.
Unloading 2105 Unused Serialized files (Serialized files now loaded: 0)
System memory in use before: 196.1 MB.
System memory in use after: 196.0 MB.

Unloading 12 unused Assets to reduce memory usage. Loaded Objects now: 2659.
Total: 5.373203 ms (FindLiveObjects: 0.511154 ms CreateObjectMapping: 0.161910 ms MarkObjects: 4.433009 ms  DeleteObjects: 0.263949 ms)

========================================================================
Received Prepare
Registering precompiled user dll's ...
Registered in 0.000834 seconds.
Begin MonoManager ReloadAssembly
Native extension for Lumin target not found
Native extension for LinuxStandalone target not found
Native extension for WindowsStandalone target not found
Native extension for OSXStandalone target not found
Native extension for WebGL target not found
Refreshing native plugins compatible for Editor in 0.41 ms, found 2 plugins.
Preloading 0 native plugins for Editor in 0.00 ms.
Mono: successfully reloaded assembly
- Completed reload, in  1.400 seconds
Platform modules already initialized, skipping
Refreshing native plugins compatible for Editor in 0.42 ms, found 2 plugins.
Preloading 0 native plugins for Editor in 0.00 ms.
Unloading 2105 Unused Serialized files (Serialized files now loaded: 0)
System memory in use before: 196.3 MB.
System memory in use after: 196.3 MB.

Unloading 12 unused Assets to reduce memory usage. Loaded Objects now: 2663.
Total: 3.114258 ms (FindLiveObjects: 0.360116 ms CreateObjectMapping: 0.156713 ms MarkObjects: 2.447040 ms  DeleteObjects: 0.148968 ms)

========================================================================
Received Prepare
Refreshing native plugins compatible for Editor in 7.21 ms, found 2 plugins.
Preloading 0 native plugins for Editor in 0.00 ms.
Unloading 10 Unused Serialized files (Serialized files now loaded: 0)
System memory in use before: 155.0 MB.
System memory in use after: 155.0 MB.

Unloading 10 unused Assets to reduce memory usage. Loaded Objects now: 2663.
Total: 7.705583 ms (FindLiveObjects: 0.527168 ms CreateObjectMapping: 0.160029 ms MarkObjects: 6.801086 ms  DeleteObjects: 0.214160 ms)

========================================================================
Received Prepare
Refreshing native plugins compatible for Editor in 11.98 ms, found 2 plugins.
Preloading 0 native plugins for Editor in 0.00 ms.
Unloading 10 Unused Serialized files (Serialized files now loaded: 0)
System memory in use before: 155.2 MB.
System memory in use after: 155.2 MB.

Unloading 10 unused Assets to reduce memory usage. Loaded Objects now: 2663.
Total: 25.364958 ms (FindLiveObjects: 2.358884 ms CreateObjectMapping: 0.148320 ms MarkObjects: 22.650711 ms  DeleteObjects: 0.204103 ms)

